<?xml version="1.0" encoding="UTF-8"?>
<!-- Generated by org.testng.reporters.JUnitReportReporter -->
<testsuite hostname="MacBook-Pro" failures="0" tests="4" name="com.orangeHRM.qa.testcases.LoginTest" time="152.158" errors="0" timestamp="2023-09-10T21:45:59 IST" skipped="0">
  <testcase classname="com.orangeHRM.qa.testcases.LoginTest" name="verifyLoginwithValidCredentialsWithExcel" time="43.607"/>
  <testcase classname="com.orangeHRM.qa.testcases.LoginTest" name="verifyLoginwithValidCredentialsWithExcel" time="40.191"/>
  <testcase classname="com.orangeHRM.qa.testcases.LoginTest" name="verifyLoginwithValidCredentialsWithExcel" time="31.064"/>
  <testcase classname="com.orangeHRM.qa.testcases.LoginTest" name="verifyLoginwithValidCredentialsWithExcel" time="37.296"/>
</testsuite> <!-- com.orangeHRM.qa.testcases.LoginTest -->
