<?xml version="1.0" encoding="UTF-8"?>
<!-- Generated by org.testng.reporters.JUnitReportReporter -->
<testsuite hostname="MacBook-Pro" failures="0" tests="1" name="com.orangeHRM.qa.testcases.AddEmployeeTest" time="29.527" errors="0" timestamp="2023-09-10T21:45:59 IST" skipped="0">
  <testcase classname="com.orangeHRM.qa.testcases.AddEmployeeTest" name="enterAddEmployeeDetails" time="29.527"/>
</testsuite> <!-- com.orangeHRM.qa.testcases.AddEmployeeTest -->
